Drill report for CircuitDesign_AEDTrainer.kicad_pcb
Created on 2025-03-05T23:48:57+0530

Copper Layer Stackup:
    =============================================================
    L1 :  F.Cu                      front
    L2 :  B.Cu                      back


Drill file 'CircuitDesign_AEDTrainer-PTH.drl' contains
    plated through holes:
    =============================================================
    T1  0.300mm  0.0118"  (7 holes)
    T2  0.600mm  0.0236"  (18 holes)
    T3  0.800mm  0.0315"  (6 holes)
    T4  0.813mm  0.0320"  (8 holes)
    T5  0.900mm  0.0354"  (6 holes)
    T6  0.950mm  0.0374"  (7 holes)
    T7  1.000mm  0.0394"  (61 holes)

    Total plated holes count 113


Drill file 'CircuitDesign_AEDTrainer-NPTH.drl' contains
    unplated through holes:
    =============================================================
    T1  2.500mm  0.0984"  (4 holes)

    Total unplated holes count 4
